<?xml version="1.0" encoding="UTF-8"?>
<testng-results ignored="0" total="1" passed="1" failed="0" skipped="0">
  <reporter-output>
  </reporter-output>
  <suite started-at="2024-05-22T17:42:34Z" name="Default suite" finished-at="2024-05-22T17:43:34Z" duration-ms="60345">
    <groups>
    </groups>
    <test started-at="2024-05-22T17:42:34Z" name="Default test" finished-at="2024-05-22T17:43:34Z" duration-ms="60345">
      <class name="test.RegisterTestPomImplementation">
        <test-method signature="HomePageTest()[pri:0, instance:test.RegisterTestPomImplementation@73302995]" started-at="2024-05-22T17:42:34Z" name="HomePageTest" finished-at="2024-05-22T17:43:34Z" duration-ms="60312" status="PASS">
          <reporter-output>
          </reporter-output>
        </test-method> <!-- HomePageTest -->
      </class> <!-- test.RegisterTestPomImplementation -->
    </test> <!-- Default test -->
  </suite> <!-- Default suite -->
</testng-results>
